2026-02-16 11:46:56,705 | INFO    | =================================================================
2026-02-16 11:46:56,708 | INFO    | AVWAP Paper Trade Executor — PAPER_TRADE = TRUE
2026-02-16 11:46:56,709 | INFO    |   Mode            : SIMULATION (no real orders)
2026-02-16 11:46:56,709 | INFO    |   LTP polling     : Enabled
2026-02-16 11:46:56,710 | INFO    |   Starting capital: Rs.1,000,000
2026-02-16 11:46:56,711 | INFO    |   Signal dir      : C:\Users\Saarit\OneDrive\Desktop\Trading\backtesting\eqidv2\backtesting\eqidv2\live_signals/
2026-02-16 11:46:56,711 | INFO    |   Forced close at : 15:20:00 IST
2026-02-16 11:46:56,712 | INFO    | =================================================================
2026-02-16 11:46:57,379 | INFO    | Kite session established (LTP polling enabled).
2026-02-16 11:46:57,379 | INFO    | Loaded 0 previously executed signals.
2026-02-16 11:46:57,381 | INFO    | Watchdog started — monitoring live_signals\signals_2026-02-16.csv
2026-02-16 15:30:00,025 | INFO    | Market closed. All simulations complete.
2026-02-16 15:30:00,040 | INFO    | =======================================================
2026-02-16 15:30:00,040 | INFO    | DAILY PAPER TRADE SUMMARY
2026-02-16 15:30:00,040 | INFO    |   Total trades : 0
2026-02-16 15:30:00,043 | INFO    |   Wins         : 0
2026-02-16 15:30:00,043 | INFO    |   Losses       : 0
2026-02-16 15:30:00,045 | INFO    |   Win rate     : 0.0%
2026-02-16 15:30:00,045 | INFO    |   Total P&L    : Rs.+0.00
2026-02-16 15:30:00,045 | INFO    | =======================================================
2026-02-16 15:30:00,045 | INFO    | Paper trade executor stopped.
2026-02-17 09:59:21,072 | INFO    | =================================================================
2026-02-17 09:59:21,073 | INFO    | AVWAP Paper Trade Executor — PAPER_TRADE = TRUE
2026-02-17 09:59:21,074 | INFO    |   Mode            : SIMULATION (no real orders)
2026-02-17 09:59:21,075 | INFO    |   LTP polling     : Enabled
2026-02-17 09:59:21,075 | INFO    |   Starting capital: Rs.1,000,000
2026-02-17 09:59:21,076 | INFO    |   Signal dir      : C:\Users\Saarit\OneDrive\Desktop\Trading\backtesting\eqidv2\backtesting\eqidv2\live_signals/
2026-02-17 09:59:21,076 | INFO    |   Forced close at : 15:20:00 IST
2026-02-17 09:59:21,077 | INFO    | =================================================================
2026-02-17 09:59:21,078 | INFO    | Kite session established (LTP polling enabled).
2026-02-17 09:59:21,089 | INFO    | Loaded 0 previously executed signals.
2026-02-17 09:59:21,091 | INFO    | Watchdog started — monitoring live_signals\signals_2026-02-17.csv
2026-02-17 09:59:21,091 | INFO    | Checking for existing unprocessed signals...
2026-02-17 10:49:45,909 | INFO    | Signal CSV changed — processing new signals...
2026-02-17 11:33:51,730 | INFO    | Signal CSV changed — processing new signals...
2026-02-17 11:33:51,763 | ERROR   | Simulation error for SWSOLAR: 'stop_price'
2026-02-17 11:33:51,766 | INFO    | [DISPATCH] Launched simulation for LONG SWSOLAR @ 211.83 | p_win=1.0 | ID=9103df2c471e
2026-02-17 11:33:51,773 | ERROR   | Traceback (most recent call last):
  File "c:\users\saarit\onedrive\desktop\trading\backtesting\eqidv2\backtesting\eqidv2\avwap_trade_execution_paper_trade_true.py", line 568, in _run_sim
    simulate_trade(sig, use_ltp=ultp)
  File "c:\users\saarit\onedrive\desktop\trading\backtesting\eqidv2\backtesting\eqidv2\avwap_trade_execution_paper_trade_true.py", line 287, in simulate_trade
    stop_price = float(signal["stop_price"])
                       ~~~~~~^^^^^^^^^^^^^^
KeyError: 'stop_price'

2026-02-17 11:33:51,787 | INFO    | Processed 1 new signal(s). Active sims: 1
2026-02-17 11:46:02,683 | INFO    | Received interrupt. Shutting down...
2026-02-17 11:46:02,696 | INFO    | =======================================================
2026-02-17 11:46:02,697 | INFO    | DAILY PAPER TRADE SUMMARY
2026-02-17 11:46:02,698 | INFO    |   Total trades : 0
2026-02-17 11:46:02,698 | INFO    |   Wins         : 0
2026-02-17 11:46:02,699 | INFO    |   Losses       : 0
2026-02-17 11:46:02,700 | INFO    |   Win rate     : 0.0%
2026-02-17 11:46:02,700 | INFO    |   Total P&L    : Rs.+0.00
2026-02-17 11:46:02,701 | INFO    | =======================================================
2026-02-17 11:46:02,702 | INFO    | Paper trade executor stopped.
2026-02-17 11:46:09,776 | INFO    | =================================================================
2026-02-17 11:46:09,778 | INFO    | AVWAP Paper Trade Executor — PAPER_TRADE = TRUE
2026-02-17 11:46:09,778 | INFO    |   Mode            : SIMULATION (no real orders)
2026-02-17 11:46:09,779 | INFO    |   LTP polling     : Enabled
2026-02-17 11:46:09,779 | INFO    |   Starting capital: Rs.1,000,000
2026-02-17 11:46:09,780 | INFO    |   Signal dir      : C:\Users\Saarit\OneDrive\Desktop\Trading\backtesting\eqidv2\backtesting\eqidv2\live_signals/
2026-02-17 11:46:09,780 | INFO    |   Forced close at : 15:20:00 IST
2026-02-17 11:46:09,781 | INFO    | =================================================================
2026-02-17 11:46:09,783 | INFO    | Kite session established (LTP polling enabled).
2026-02-17 11:46:09,785 | INFO    | Loaded 1 previously executed signals.
2026-02-17 11:46:09,787 | INFO    | Watchdog started — monitoring live_signals\signals_2026-02-17.csv
2026-02-17 11:46:09,788 | INFO    | Checking for existing unprocessed signals...
2026-02-17 12:35:09,798 | INFO    | Signal CSV changed — processing new signals...
2026-02-17 13:35:24,106 | INFO    | Signal CSV changed — processing new signals...
2026-02-17 14:32:56,397 | INFO    | Signal CSV changed — processing new signals...
2026-02-17 15:30:00,173 | INFO    | Market closed. All simulations complete.
2026-02-17 15:30:00,178 | INFO    | =======================================================
2026-02-17 15:30:00,178 | INFO    | DAILY PAPER TRADE SUMMARY
2026-02-17 15:30:00,179 | INFO    |   Total trades : 0
2026-02-17 15:30:00,180 | INFO    |   Wins         : 0
2026-02-17 15:30:00,181 | INFO    |   Losses       : 0
2026-02-17 15:30:00,182 | INFO    |   Win rate     : 0.0%
2026-02-17 15:30:00,183 | INFO    |   Total P&L    : Rs.+0.00
2026-02-17 15:30:00,183 | INFO    | =======================================================
2026-02-17 15:30:00,184 | INFO    | Paper trade executor stopped.
2026-02-18 09:08:35,363 | INFO    | =================================================================
2026-02-18 09:08:35,368 | INFO    | AVWAP Paper Trade Executor — PAPER_TRADE = TRUE
2026-02-18 09:08:35,369 | INFO    |   Mode            : SIMULATION (no real orders)
2026-02-18 09:08:35,370 | INFO    |   LTP polling     : Enabled
2026-02-18 09:08:35,370 | INFO    |   Starting capital: Rs.1,000,000
2026-02-18 09:08:35,371 | INFO    |   Signal dir      : C:\Users\Saarit\OneDrive\Desktop\Trading\backtesting\eqidv2\backtesting\eqidv2\live_signals/
2026-02-18 09:08:35,371 | INFO    |   Forced close at : 15:20:00 IST
2026-02-18 09:08:35,372 | INFO    | =================================================================
2026-02-18 09:08:35,971 | INFO    | Kite session established (LTP polling enabled).
2026-02-18 09:08:35,979 | INFO    | Loaded 0 previously executed signals.
2026-02-18 09:08:35,981 | INFO    | Watchdog started — monitoring live_signals\signals_2026-02-18.csv
2026-02-18 09:15:38,824 | INFO    | Signal CSV changed — processing new signals...
2026-02-18 10:17:29,229 | INFO    | Signal CSV changed — processing new signals...
2026-02-18 11:17:30,430 | INFO    | Signal CSV changed — processing new signals...
2026-02-18 12:19:40,505 | INFO    | Signal CSV changed — processing new signals...
2026-02-18 13:19:41,169 | INFO    | Signal CSV changed — processing new signals...
2026-02-18 14:19:42,936 | INFO    | Signal CSV changed — processing new signals...
2026-02-18 15:30:00,112 | INFO    | Market closed. All simulations complete.
2026-02-18 15:30:00,124 | INFO    | =======================================================
2026-02-18 15:30:00,124 | INFO    | DAILY PAPER TRADE SUMMARY
2026-02-18 15:30:00,125 | INFO    |   Total trades : 0
2026-02-18 15:30:00,126 | INFO    |   Wins         : 0
2026-02-18 15:30:00,127 | INFO    |   Losses       : 0
2026-02-18 15:30:00,128 | INFO    |   Win rate     : 0.0%
2026-02-18 15:30:00,128 | INFO    |   Total P&L    : Rs.+0.00
2026-02-18 15:30:00,129 | INFO    | =======================================================
2026-02-18 15:30:00,130 | INFO    | Paper trade executor stopped.
2026-02-19 08:34:42,356 | INFO    | =================================================================
2026-02-19 08:34:42,358 | INFO    | AVWAP Paper Trade Executor — PAPER_TRADE = TRUE
2026-02-19 08:34:42,358 | INFO    |   Mode            : SIMULATION (no real orders)
2026-02-19 08:34:42,359 | INFO    |   LTP polling     : Enabled
2026-02-19 08:34:42,360 | INFO    |   Starting capital: Rs.1,000,000
2026-02-19 08:34:42,360 | INFO    |   Signal dir      : C:\Users\Saarit\OneDrive\Desktop\Trading\backtesting\eqidv2\backtesting\eqidv2\live_signals/
2026-02-19 08:34:42,360 | INFO    |   Forced close at : 15:20:00 IST
2026-02-19 08:34:42,361 | INFO    | =================================================================
2026-02-19 08:34:42,372 | INFO    | Kite session established (LTP polling enabled).
2026-02-19 08:34:42,386 | INFO    | Loaded 0 previously executed signals.
2026-02-19 08:34:42,390 | INFO    | Watchdog started — monitoring live_signals\signals_2026-02-19.csv
2026-02-19 08:54:29,448 | INFO    | =================================================================
2026-02-19 08:54:29,449 | INFO    | AVWAP Paper Trade Executor — PAPER_TRADE = TRUE
2026-02-19 08:54:29,450 | INFO    |   Mode            : SIMULATION (no real orders)
2026-02-19 08:54:29,450 | INFO    |   LTP polling     : Enabled
2026-02-19 08:54:29,451 | INFO    |   Starting capital: Rs.1,000,000
2026-02-19 08:54:29,452 | INFO    |   Signal dir      : C:\Users\Saarit\OneDrive\Desktop\Trading\backtesting\eqidv2\backtesting\eqidv2\live_signals/
2026-02-19 08:54:29,453 | INFO    |   Forced close at : 15:20:00 IST
2026-02-19 08:54:29,453 | INFO    | =================================================================
2026-02-19 08:54:29,455 | INFO    | Kite session established (LTP polling enabled).
2026-02-19 08:54:29,456 | INFO    | Loaded 0 previously executed signals.
2026-02-19 08:54:29,458 | INFO    | Watchdog started — monitoring live_signals\signals_2026-02-19.csv
2026-02-19 08:54:45,465 | INFO    | Received interrupt. Shutting down...
2026-02-19 08:54:45,468 | INFO    | =======================================================
2026-02-19 08:54:45,471 | INFO    | DAILY PAPER TRADE SUMMARY
2026-02-19 08:54:45,472 | INFO    |   Total trades : 0
2026-02-19 08:54:45,473 | INFO    |   Wins         : 0
2026-02-19 08:54:45,474 | INFO    |   Losses       : 0
2026-02-19 08:54:45,474 | INFO    |   Win rate     : 0.0%
2026-02-19 08:54:45,475 | INFO    |   Total P&L    : Rs.+0.00
2026-02-19 08:54:45,475 | INFO    | =======================================================
2026-02-19 08:54:45,476 | INFO    | Paper trade executor stopped.
2026-02-19 10:49:07,306 | INFO    | Signal CSV changed — processing new signals...
2026-02-19 12:01:56,925 | INFO    | Signal CSV changed — processing new signals...
2026-02-19 13:02:48,560 | INFO    | Signal CSV changed — processing new signals...
2026-02-19 13:47:34,274 | INFO    | Signal CSV changed — processing new signals...
2026-02-19 13:51:35,268 | INFO    | Received interrupt. Shutting down...
2026-02-19 13:51:35,272 | INFO    | =======================================================
2026-02-19 13:51:35,273 | INFO    | DAILY PAPER TRADE SUMMARY
2026-02-19 13:51:35,274 | INFO    |   Total trades : 0
2026-02-19 13:51:35,275 | INFO    |   Wins         : 0
2026-02-19 13:51:35,276 | INFO    |   Losses       : 0
2026-02-19 13:51:35,276 | INFO    |   Win rate     : 0.0%
2026-02-19 13:51:35,277 | INFO    |   Total P&L    : Rs.+0.00
2026-02-19 13:51:35,278 | INFO    | =======================================================
2026-02-19 13:51:35,278 | INFO    | Paper trade executor stopped.
2026-02-19 13:51:37,922 | INFO    | =================================================================
2026-02-19 13:51:37,923 | INFO    | AVWAP Paper Trade Executor — PAPER_TRADE = TRUE
2026-02-19 13:51:37,923 | INFO    |   Mode            : SIMULATION (no real orders)
2026-02-19 13:51:37,924 | INFO    |   LTP polling     : Enabled
2026-02-19 13:51:37,924 | INFO    |   Starting capital: Rs.1,000,000
2026-02-19 13:51:37,925 | INFO    |   Signal dir      : C:\Users\Saarit\OneDrive\Desktop\Trading\backtesting\eqidv2\backtesting\eqidv2\live_signals/
2026-02-19 13:51:37,925 | INFO    |   Forced close at : 15:20:00 IST
2026-02-19 13:51:37,926 | INFO    | =================================================================
2026-02-19 13:51:37,928 | INFO    | Kite session established (LTP polling enabled).
2026-02-19 13:51:37,930 | INFO    | Loaded 0 previously executed signals.
2026-02-19 13:51:37,932 | INFO    | Watchdog started — monitoring live_signals\signals_2026-02-19.csv
2026-02-19 13:51:37,933 | INFO    | Checking for existing unprocessed signals...
2026-02-19 14:49:06,406 | INFO    | Signal CSV changed — processing new signals...
2026-02-19 15:30:00,618 | INFO    | Market closed. All simulations complete.
2026-02-19 15:30:00,628 | INFO    | =======================================================
2026-02-19 15:30:00,629 | INFO    | DAILY PAPER TRADE SUMMARY
2026-02-19 15:30:00,630 | INFO    |   Total trades : 0
2026-02-19 15:30:00,631 | INFO    |   Wins         : 0
2026-02-19 15:30:00,631 | INFO    |   Losses       : 0
2026-02-19 15:30:00,632 | INFO    |   Win rate     : 0.0%
2026-02-19 15:30:00,633 | INFO    |   Total P&L    : Rs.+0.00
2026-02-19 15:30:00,633 | INFO    | =======================================================
2026-02-19 15:30:00,634 | INFO    | Paper trade executor stopped.
2026-02-20 08:50:34,027 | INFO    | =================================================================
2026-02-20 08:50:34,027 | INFO    | AVWAP Paper Trade Executor — PAPER_TRADE = TRUE
2026-02-20 08:50:34,027 | INFO    |   Mode            : SIMULATION (no real orders)
2026-02-20 08:50:34,027 | INFO    |   LTP polling     : Enabled
2026-02-20 08:50:34,027 | INFO    |   Starting capital: Rs.1,000,000
2026-02-20 08:50:34,027 | INFO    |   Signal dir      : C:\Users\Saarit\OneDrive\Desktop\Trading\backtesting\eqidv2\backtesting\eqidv2\live_signals/
2026-02-20 08:50:34,027 | INFO    |   Forced close at : 15:20:00 IST
2026-02-20 08:50:34,027 | INFO    | =================================================================
2026-02-20 08:50:34,785 | INFO    | Kite session established (LTP polling enabled).
2026-02-20 08:50:34,792 | INFO    | Loaded 0 previously executed signals.
2026-02-20 08:50:34,792 | INFO    | Watchdog started — monitoring live_signals\signals_2026-02-20.csv
2026-02-20 08:50:39,803 | INFO    | Received interrupt. Shutting down...
2026-02-20 08:50:39,805 | INFO    | =======================================================
2026-02-20 08:50:39,806 | INFO    | DAILY PAPER TRADE SUMMARY
2026-02-20 08:50:39,806 | INFO    |   Total trades : 0
2026-02-20 08:50:39,806 | INFO    |   Wins         : 0
2026-02-20 08:50:39,806 | INFO    |   Losses       : 0
2026-02-20 08:50:39,808 | INFO    |   Win rate     : 0.0%
2026-02-20 08:50:39,808 | INFO    |   Total P&L    : Rs.+0.00
2026-02-20 08:50:39,809 | INFO    | =======================================================
2026-02-20 08:50:39,809 | INFO    | Paper trade executor stopped.
2026-02-20 08:51:46,132 | INFO    | =================================================================
2026-02-20 08:51:46,134 | INFO    | AVWAP Paper Trade Executor — PAPER_TRADE = TRUE
2026-02-20 08:51:46,135 | INFO    |   Mode            : SIMULATION (no real orders)
2026-02-20 08:51:46,136 | INFO    |   LTP polling     : Enabled
2026-02-20 08:51:46,137 | INFO    |   Starting capital: Rs.1,000,000
2026-02-20 08:51:46,137 | INFO    |   Signal dir      : C:\Users\Saarit\OneDrive\Desktop\Trading\backtesting\eqidv2\backtesting\eqidv2\live_signals/
2026-02-20 08:51:46,138 | INFO    |   Forced close at : 15:20:00 IST
2026-02-20 08:51:46,138 | INFO    | =================================================================
2026-02-20 08:51:46,795 | INFO    | Kite session established (LTP polling enabled).
2026-02-20 08:51:46,803 | INFO    | Loaded 0 previously executed signals.
2026-02-20 08:51:46,806 | INFO    | Watchdog started — monitoring live_signals\signals_2026-02-20.csv
2026-02-20 09:17:05,386 | INFO    | Signal CSV changed — processing new signals...
2026-02-20 10:17:19,157 | INFO    | Signal CSV changed — processing new signals...
2026-02-20 11:02:24,122 | INFO    | Signal CSV changed — processing new signals...
2026-02-20 11:52:04,453 | INFO    | Signal CSV changed — processing new signals...
2026-02-20 12:52:46,618 | INFO    | Signal CSV changed — processing new signals...
2026-02-20 13:53:40,316 | INFO    | Signal CSV changed — processing new signals...
2026-02-20 15:03:06,073 | INFO    | Signal CSV changed — processing new signals...
2026-02-20 15:30:00,763 | INFO    | Market closed. All simulations complete.
2026-02-20 15:30:00,763 | INFO    | =======================================================
2026-02-20 15:30:00,763 | INFO    | DAILY PAPER TRADE SUMMARY
2026-02-20 15:30:00,763 | INFO    |   Total trades : 0
2026-02-20 15:30:00,763 | INFO    |   Wins         : 0
2026-02-20 15:30:00,763 | INFO    |   Losses       : 0
2026-02-20 15:30:00,763 | INFO    |   Win rate     : 0.0%
2026-02-20 15:30:00,763 | INFO    |   Total P&L    : Rs.+0.00
2026-02-20 15:30:00,763 | INFO    | =======================================================
2026-02-20 15:30:00,763 | INFO    | Paper trade executor stopped.
2026-02-20 16:14:31,111 | INFO    | =================================================================
2026-02-20 16:14:31,111 | INFO    | AVWAP Paper Trade Executor — PAPER_TRADE = TRUE
2026-02-20 16:14:31,111 | INFO    |   Mode            : SIMULATION (no real orders)
2026-02-20 16:14:31,111 | INFO    |   LTP polling     : Enabled
2026-02-20 16:14:31,111 | INFO    |   Starting capital: Rs.1,000,000
2026-02-20 16:14:31,111 | INFO    |   Signal dir      : C:\Users\Saarit\OneDrive\Desktop\Trading\backtesting\eqidv2\backtesting\eqidv2\live_signals/
2026-02-20 16:14:31,111 | INFO    |   Forced close at : 15:20:00 IST
2026-02-20 16:14:31,111 | INFO    | =================================================================
2026-02-20 16:14:31,743 | INFO    | Kite session established (LTP polling enabled).
2026-02-20 16:14:31,744 | INFO    | Loaded 0 previously executed signals.
2026-02-20 16:14:31,744 | INFO    | Watchdog started — monitoring live_signals\signals_2026-02-20.csv
2026-02-20 16:14:31,744 | INFO    | Checking for existing unprocessed signals...
2026-02-20 16:14:31,744 | INFO    | Market closed. All simulations complete.
2026-02-20 16:14:31,757 | INFO    | =======================================================
2026-02-20 16:14:31,757 | INFO    | DAILY PAPER TRADE SUMMARY
2026-02-20 16:14:31,757 | INFO    |   Total trades : 0
2026-02-20 16:14:31,757 | INFO    |   Wins         : 0
2026-02-20 16:14:31,757 | INFO    |   Losses       : 0
2026-02-20 16:14:31,757 | INFO    |   Win rate     : 0.0%
2026-02-20 16:14:31,757 | INFO    |   Total P&L    : Rs.+0.00
2026-02-20 16:14:31,757 | INFO    | =======================================================
2026-02-20 16:14:31,757 | INFO    | Paper trade executor stopped.
2026-02-20 16:18:55,355 | INFO    | =================================================================
2026-02-20 16:18:55,355 | INFO    | AVWAP Paper Trade Executor — PAPER_TRADE = TRUE
2026-02-20 16:18:55,355 | INFO    |   Mode            : SIMULATION (no real orders)
2026-02-20 16:18:55,355 | INFO    |   LTP polling     : Enabled
2026-02-20 16:18:55,355 | INFO    |   Starting capital: Rs.1,000,000
2026-02-20 16:18:55,355 | INFO    |   Signal dir      : C:\Users\Saarit\OneDrive\Desktop\Trading\backtesting\eqidv2\backtesting\eqidv2\live_signals/
2026-02-20 16:18:55,365 | INFO    |   Forced close at : 15:20:00 IST
2026-02-20 16:18:55,365 | INFO    | =================================================================
2026-02-20 16:18:55,968 | INFO    | Kite session established (LTP polling enabled).
2026-02-20 16:18:55,968 | INFO    | Loaded 0 previously executed signals.
2026-02-20 16:18:55,968 | INFO    | Watchdog started — monitoring live_signals\signals_2026-02-20.csv
2026-02-20 16:18:55,968 | INFO    | Checking for existing unprocessed signals...
2026-02-20 16:18:55,968 | INFO    | Market closed. All simulations complete.
2026-02-20 16:18:55,968 | INFO    | =======================================================
2026-02-20 16:18:55,968 | INFO    | DAILY PAPER TRADE SUMMARY
2026-02-20 16:18:55,968 | INFO    |   Total trades : 0
2026-02-20 16:18:55,968 | INFO    |   Wins         : 0
2026-02-20 16:18:55,968 | INFO    |   Losses       : 0
2026-02-20 16:18:55,968 | INFO    |   Win rate     : 0.0%
2026-02-20 16:18:55,968 | INFO    |   Total P&L    : Rs.+0.00
2026-02-20 16:18:55,968 | INFO    | =======================================================
2026-02-20 16:18:55,968 | INFO    | Paper trade executor stopped.
2026-02-20 16:19:37,741 | INFO    | =================================================================
2026-02-20 16:19:37,741 | INFO    | AVWAP Paper Trade Executor — PAPER_TRADE = TRUE
2026-02-20 16:19:37,741 | INFO    |   Mode            : SIMULATION (no real orders)
2026-02-20 16:19:37,741 | INFO    |   LTP polling     : Enabled
2026-02-20 16:19:37,741 | INFO    |   Starting capital: Rs.1,000,000
2026-02-20 16:19:37,741 | INFO    |   Signal dir      : C:\Users\Saarit\OneDrive\Desktop\Trading\backtesting\eqidv2\backtesting\eqidv2\live_signals/
2026-02-20 16:19:37,743 | INFO    |   Forced close at : 15:20:00 IST
2026-02-20 16:19:37,743 | INFO    | =================================================================
2026-02-20 16:19:38,341 | INFO    | Kite session established (LTP polling enabled).
2026-02-20 16:19:38,341 | INFO    | Loaded 0 previously executed signals.
2026-02-20 16:19:38,341 | INFO    | Watchdog started — monitoring live_signals\signals_2026-02-20.csv
2026-02-20 16:19:38,341 | INFO    | Checking for existing unprocessed signals...
2026-02-20 16:19:38,341 | INFO    | Market closed. All simulations complete.
2026-02-20 16:19:38,341 | INFO    | =======================================================
2026-02-20 16:19:38,341 | INFO    | DAILY PAPER TRADE SUMMARY
2026-02-20 16:19:38,341 | INFO    |   Total trades : 0
2026-02-20 16:19:38,341 | INFO    |   Wins         : 0
2026-02-20 16:19:38,341 | INFO    |   Losses       : 0
2026-02-20 16:19:38,341 | INFO    |   Win rate     : 0.0%
2026-02-20 16:19:38,341 | INFO    |   Total P&L    : Rs.+0.00
2026-02-20 16:19:38,341 | INFO    | =======================================================
2026-02-20 16:19:38,341 | INFO    | Paper trade executor stopped.
2026-02-20 16:31:36,915 | INFO    | =================================================================
2026-02-20 16:31:36,915 | INFO    | AVWAP Paper Trade Executor — PAPER_TRADE = TRUE
2026-02-20 16:31:36,915 | INFO    |   Mode            : SIMULATION (no real orders)
2026-02-20 16:31:36,915 | INFO    |   LTP polling     : Enabled
2026-02-20 16:31:36,915 | INFO    |   Starting capital: Rs.1,000,000
2026-02-20 16:31:36,915 | INFO    |   Signal dir      : C:\Users\Saarit\OneDrive\Desktop\Trading\backtesting\eqidv2\backtesting\eqidv2\live_signals/
2026-02-20 16:31:36,915 | INFO    |   Forced close at : 15:20:00 IST
2026-02-20 16:31:36,915 | INFO    | =================================================================
2026-02-20 16:31:37,548 | INFO    | Kite session established (LTP polling enabled).
2026-02-20 16:31:37,563 | INFO    | Loaded 0 previously executed signals.
2026-02-20 16:31:37,565 | INFO    | Watchdog started — monitoring live_signals\signals_2026-02-20.csv
2026-02-20 16:31:37,565 | INFO    | Checking for existing unprocessed signals...
2026-02-20 16:31:37,565 | INFO    | Market closed. All simulations complete.
2026-02-20 16:31:37,565 | INFO    | =======================================================
2026-02-20 16:31:37,565 | INFO    | DAILY PAPER TRADE SUMMARY
2026-02-20 16:31:37,565 | INFO    |   Total trades : 0
2026-02-20 16:31:37,565 | INFO    |   Wins         : 0
2026-02-20 16:31:37,565 | INFO    |   Losses       : 0
2026-02-20 16:31:37,565 | INFO    |   Win rate     : 0.0%
2026-02-20 16:31:37,565 | INFO    |   Total P&L    : Rs.+0.00
2026-02-20 16:31:37,565 | INFO    | =======================================================
2026-02-20 16:31:37,565 | INFO    | Paper trade executor stopped.
2026-02-20 16:43:25,670 | INFO    | =================================================================
2026-02-20 16:43:25,670 | INFO    | AVWAP Paper Trade Executor — PAPER_TRADE = TRUE
2026-02-20 16:43:25,670 | INFO    |   Mode            : SIMULATION (no real orders)
2026-02-20 16:43:25,670 | INFO    |   LTP polling     : Enabled
2026-02-20 16:43:25,670 | INFO    |   Starting capital: Rs.1,000,000
2026-02-20 16:43:25,670 | INFO    |   Signal dir      : C:\Users\Saarit\OneDrive\Desktop\Trading\backtesting\eqidv2\backtesting\eqidv2\live_signals/
2026-02-20 16:43:25,670 | INFO    |   Forced close at : 15:20:00 IST
2026-02-20 16:43:25,670 | INFO    | =================================================================
2026-02-20 16:43:26,292 | INFO    | Kite session established (LTP polling enabled).
2026-02-20 16:43:26,292 | INFO    | Loaded 0 previously executed signals.
2026-02-20 16:43:26,292 | INFO    | Watchdog started — monitoring live_signals\signals_2026-02-20.csv
2026-02-20 16:43:26,292 | INFO    | Checking for existing unprocessed signals...
2026-02-20 16:43:26,292 | INFO    | Market closed. All simulations complete.
2026-02-20 16:43:26,292 | INFO    | =======================================================
2026-02-20 16:43:26,292 | INFO    | DAILY PAPER TRADE SUMMARY
2026-02-20 16:43:26,292 | INFO    |   Total trades : 0
2026-02-20 16:43:26,292 | INFO    |   Wins         : 0
2026-02-20 16:43:26,292 | INFO    |   Losses       : 0
2026-02-20 16:43:26,292 | INFO    |   Win rate     : 0.0%
2026-02-20 16:43:26,292 | INFO    |   Total P&L    : Rs.+0.00
2026-02-20 16:43:26,292 | INFO    | =======================================================
2026-02-20 16:43:26,292 | INFO    | Paper trade executor stopped.
2026-02-20 16:53:24,874 | INFO    | =================================================================
2026-02-20 16:53:24,874 | INFO    | AVWAP Paper Trade Executor — PAPER_TRADE = TRUE
2026-02-20 16:53:24,874 | INFO    |   Mode            : SIMULATION (no real orders)
2026-02-20 16:53:24,874 | INFO    |   LTP polling     : Enabled
2026-02-20 16:53:24,874 | INFO    |   Starting capital: Rs.1,000,000
2026-02-20 16:53:24,874 | INFO    |   Signal dir      : C:\Users\Saarit\OneDrive\Desktop\Trading\backtesting\eqidv2\backtesting\eqidv2\live_signals/
2026-02-20 16:53:24,876 | INFO    |   Forced close at : 15:20:00 IST
2026-02-20 16:53:24,876 | INFO    | =================================================================
2026-02-20 16:53:25,499 | INFO    | Kite session established (LTP polling enabled).
2026-02-20 16:53:25,507 | INFO    | Loaded 0 previously executed signals.
2026-02-20 16:53:25,508 | INFO    | Watchdog started — monitoring live_signals\signals_2026-02-20.csv
2026-02-20 16:53:25,508 | INFO    | Checking for existing unprocessed signals...
2026-02-20 16:53:25,511 | INFO    | Market closed. All simulations complete.
2026-02-20 16:53:25,512 | INFO    | =======================================================
2026-02-20 16:53:25,513 | INFO    | DAILY PAPER TRADE SUMMARY
2026-02-20 16:53:25,513 | INFO    |   Total trades : 0
2026-02-20 16:53:25,513 | INFO    |   Wins         : 0
2026-02-20 16:53:25,513 | INFO    |   Losses       : 0
2026-02-20 16:53:25,513 | INFO    |   Win rate     : 0.0%
2026-02-20 16:53:25,513 | INFO    |   Total P&L    : Rs.+0.00
2026-02-20 16:53:25,513 | INFO    | =======================================================
2026-02-20 16:53:25,513 | INFO    | Paper trade executor stopped.
2026-02-20 23:15:45,195 | INFO    | =================================================================
2026-02-20 23:15:45,199 | INFO    | AVWAP Paper Trade Executor — PAPER_TRADE = TRUE
2026-02-20 23:15:45,200 | INFO    |   Mode            : SIMULATION (no real orders)
2026-02-20 23:15:45,200 | INFO    |   LTP polling     : Enabled
2026-02-20 23:15:45,201 | INFO    |   Starting capital: Rs.1,000,000
2026-02-20 23:15:45,201 | INFO    |   Signal dir      : C:\Users\Saarit\OneDrive\Desktop\Trading\backtesting\eqidv2\backtesting\eqidv2\live_signals/
2026-02-20 23:15:45,201 | INFO    |   Forced close at : 15:20:00 IST
2026-02-20 23:15:45,202 | INFO    | =================================================================
2026-02-20 23:15:45,844 | INFO    | Kite session established (LTP polling enabled).
2026-02-20 23:15:45,847 | INFO    | Loaded 0 previously executed signals.
2026-02-20 23:15:45,848 | INFO    | Watchdog started — monitoring live_signals\signals_2026-02-20.csv
2026-02-20 23:15:45,849 | INFO    | Checking for existing unprocessed signals...
2026-02-20 23:15:45,853 | INFO    | Market closed. All simulations complete.
2026-02-20 23:15:45,855 | INFO    | =======================================================
2026-02-20 23:15:45,855 | INFO    | DAILY PAPER TRADE SUMMARY
2026-02-20 23:15:45,856 | INFO    |   Total trades : 0
2026-02-20 23:15:45,856 | INFO    |   Wins         : 0
2026-02-20 23:15:45,857 | INFO    |   Losses       : 0
2026-02-20 23:15:45,857 | INFO    |   Win rate     : 0.0%
2026-02-20 23:15:45,857 | INFO    |   Total P&L    : Rs.+0.00
2026-02-20 23:15:45,858 | INFO    | =======================================================
2026-02-20 23:15:45,858 | INFO    | Paper trade executor stopped.
2026-02-20 23:22:26,778 | INFO    | =================================================================
2026-02-20 23:22:26,778 | INFO    | AVWAP Paper Trade Executor — PAPER_TRADE = TRUE
2026-02-20 23:22:26,778 | INFO    |   Mode            : SIMULATION (no real orders)
2026-02-20 23:22:26,778 | INFO    |   LTP polling     : Enabled
2026-02-20 23:22:26,778 | INFO    |   Starting capital: Rs.1,000,000
2026-02-20 23:22:26,778 | INFO    |   Signal dir      : C:\Users\Saarit\OneDrive\Desktop\Trading\backtesting\eqidv2\backtesting\eqidv2\live_signals/
2026-02-20 23:22:26,778 | INFO    |   Forced close at : 15:20:00 IST
2026-02-20 23:22:26,778 | INFO    | =================================================================
2026-02-20 23:22:27,431 | INFO    | Kite session established (LTP polling enabled).
2026-02-20 23:22:27,433 | INFO    | Loaded 0 previously executed signals.
2026-02-20 23:22:27,434 | INFO    | Watchdog started — monitoring live_signals\signals_2026-02-20.csv
2026-02-20 23:22:27,434 | INFO    | Checking for existing unprocessed signals...
2026-02-20 23:22:27,437 | INFO    | Market closed. All simulations complete.
2026-02-20 23:22:27,438 | INFO    | =======================================================
2026-02-20 23:22:27,438 | INFO    | DAILY PAPER TRADE SUMMARY
2026-02-20 23:22:27,438 | INFO    |   Total trades : 0
2026-02-20 23:22:27,438 | INFO    |   Wins         : 0
2026-02-20 23:22:27,438 | INFO    |   Losses       : 0
2026-02-20 23:22:27,438 | INFO    |   Win rate     : 0.0%
2026-02-20 23:22:27,438 | INFO    |   Total P&L    : Rs.+0.00
2026-02-20 23:22:27,439 | INFO    | =======================================================
2026-02-20 23:22:27,439 | INFO    | Paper trade executor stopped.
2026-02-23 09:00:01,884 | INFO    | =================================================================
2026-02-23 09:00:01,885 | INFO    | AVWAP Paper Trade Executor — PAPER_TRADE = TRUE
2026-02-23 09:00:01,885 | INFO    |   Mode            : SIMULATION (no real orders)
2026-02-23 09:00:01,885 | INFO    |   LTP polling     : Enabled
2026-02-23 09:00:01,885 | INFO    |   Starting capital: Rs.1,000,000
2026-02-23 09:00:01,885 | INFO    |   Signal dir      : C:\Users\Saarit\OneDrive\Desktop\Trading\backtesting\eqidv2\backtesting\eqidv2\live_signals/
2026-02-23 09:00:01,885 | INFO    |   Forced close at : 15:20:00 IST
2026-02-23 09:00:01,885 | INFO    | =================================================================
2026-02-23 09:00:03,002 | INFO    | Kite session established (LTP polling enabled).
2026-02-23 09:00:03,013 | INFO    | Loaded 0 previously executed signals.
2026-02-23 09:00:03,015 | INFO    | Watchdog started — monitoring live_signals\signals_2026-02-23.csv
2026-02-23 09:16:41,681 | INFO    | Signal CSV changed — processing new signals...
2026-02-23 10:17:39,527 | INFO    | Signal CSV changed — processing new signals...
2026-02-23 10:18:34,364 | INFO    | =================================================================
2026-02-23 10:18:34,364 | INFO    | AVWAP Paper Trade Executor — PAPER_TRADE = TRUE
2026-02-23 10:18:34,364 | INFO    |   Mode            : SIMULATION (no real orders)
2026-02-23 10:18:34,364 | INFO    |   LTP polling     : Enabled
2026-02-23 10:18:34,364 | INFO    |   Starting capital: Rs.1,000,000
2026-02-23 10:18:34,364 | INFO    |   Signal dir      : C:\Users\Saarit\OneDrive\Desktop\Trading\backtesting\eqidv2\backtesting\eqidv2\live_signals/
2026-02-23 10:18:34,364 | INFO    |   Forced close at : 15:20:00 IST
2026-02-23 10:18:34,364 | INFO    | =================================================================
2026-02-23 10:18:34,976 | INFO    | Kite session established (LTP polling enabled).
2026-02-23 10:18:34,977 | INFO    | Loaded 0 previously executed signals.
2026-02-23 10:18:34,980 | INFO    | Watchdog started — monitoring live_signals\signals_2026-02-23.csv
2026-02-23 10:18:34,980 | INFO    | Checking for existing unprocessed signals...
2026-02-23 11:04:21,768 | INFO    | Signal CSV changed — processing new signals...
2026-02-23 11:04:21,792 | INFO    | [SIM] ENTRY SHORT COFORGE @ 1304.09 | SL=1314.52 TGT=1289.08 qty=191 | ID=PT-db257eb5-110421
2026-02-23 11:04:21,792 | INFO    | [DISPATCH] Launched simulation for SHORT COFORGE @ 1304.74 | p_win=? | ID=db257eb51ec9
2026-02-23 11:04:21,793 | INFO    | [SIM] ENTRY SHORT PENIND @ 146.18 | SL=147.35 TGT=144.5 qty=1709 | ID=PT-2446faba-110421
2026-02-23 11:04:21,793 | INFO    | [DISPATCH] Launched simulation for SHORT PENIND @ 146.25 | p_win=? | ID=2446faba9d9d
2026-02-23 11:04:21,797 | INFO    | Processed 2 new signal(s). Active sims: 2
2026-02-23 11:09:34,683 | INFO    | [SIM] TARGET HIT SHORT PENIND @ 144.5 (LTP=144.5) | ID=PT-2446faba-110421
2026-02-23 11:09:34,685 | INFO    | [SIM] RESULT SHORT PENIND | TARGET | P&L: Rs.+2,871.12 (+1.15%) | Day total: Rs.+2,871.12 (1W/0L)
2026-02-23 11:19:33,289 | INFO    | Signal CSV changed — processing new signals...
2026-02-23 11:19:33,304 | INFO    | [SIM] ENTRY SHORT WIPRO @ 205.37 | SL=207.01 TGT=203.0 qty=1216 | ID=PT-ac4d6b40-111933
2026-02-23 11:19:33,304 | INFO    | [DISPATCH] Launched simulation for SHORT WIPRO @ 205.47 | p_win=? | ID=ac4d6b40362a
2026-02-23 11:19:33,305 | INFO    | Processed 1 new signal(s). Active sims: 2
2026-02-23 11:28:30,212 | INFO    | =================================================================
2026-02-23 11:28:30,212 | INFO    | AVWAP Paper Trade Executor — PAPER_TRADE = TRUE
2026-02-23 11:28:30,212 | INFO    |   Mode            : SIMULATION (no real orders)
2026-02-23 11:28:30,212 | INFO    |   LTP polling     : Enabled
2026-02-23 11:28:30,212 | INFO    |   Starting capital: Rs.1,000,000
2026-02-23 11:28:30,212 | INFO    |   Signal dir      : C:\Users\Saarit\OneDrive\Desktop\Trading\backtesting\eqidv2\backtesting\eqidv2\live_signals/
2026-02-23 11:28:30,212 | INFO    |   Forced close at : 15:20:00 IST
2026-02-23 11:28:30,212 | INFO    | =================================================================
2026-02-23 11:28:30,822 | INFO    | Kite session established (LTP polling enabled).
2026-02-23 11:28:30,831 | INFO    | Loaded 3 previously executed signals.
2026-02-23 11:28:30,832 | INFO    | Watchdog started — monitoring live_signals\signals_2026-02-23.csv
2026-02-23 11:28:30,832 | INFO    | Checking for existing unprocessed signals...
2026-02-23 12:19:34,640 | INFO    | Signal CSV changed — processing new signals...
2026-02-23 12:23:27,073 | INFO    | Signal CSV changed — processing new signals...
2026-02-23 12:23:27,085 | INFO    | [SIM] ENTRY SHORT CIGNITITEC @ 1292.39 | SL=1302.74 TGT=1277.52 qty=193 | ID=PT-3d3052b8-122327
2026-02-23 12:23:27,086 | INFO    | [DISPATCH] Launched simulation for SHORT CIGNITITEC @ 1293.04 | p_win=? | ID=3d3052b8337e
2026-02-23 12:23:27,087 | INFO    | [SIM] ENTRY SHORT LATENTVIEW @ 354.1 | SL=356.94 TGT=350.03 qty=705 | ID=PT-c4724f93-122327
2026-02-23 12:23:27,087 | INFO    | [DISPATCH] Launched simulation for SHORT LATENTVIEW @ 354.28 | p_win=? | ID=c4724f93892b
2026-02-23 12:23:27,088 | INFO    | [SIM] ENTRY SHORT TATAELXSI @ 4761.17 | SL=4799.27 TGT=4706.38 qty=52 | ID=PT-bf636e59-122327
2026-02-23 12:23:27,088 | INFO    | [DISPATCH] Launched simulation for SHORT TATAELXSI @ 4763.55 | p_win=? | ID=bf636e590454
2026-02-23 12:23:27,092 | INFO    | [SIM] ENTRY SHORT UGROCAP @ 114.24 | SL=115.16 TGT=112.93 qty=2187 | ID=PT-95692069-122327
2026-02-23 12:23:27,093 | INFO    | [DISPATCH] Launched simulation for SHORT UGROCAP @ 114.3 | p_win=? | ID=956920692596
2026-02-23 12:23:27,094 | INFO    | Processed 4 new signal(s). Active sims: 4
2026-02-23 12:23:27,175 | INFO    | [SIM] SL HIT SHORT UGROCAP @ 115.16 (LTP=117.55) | ID=PT-95692069-122327
2026-02-23 12:23:27,179 | INFO    | [SIM] RESULT SHORT UGROCAP | SL | P&L: Rs.-2,012.04 (-0.81%) | Day total: Rs.-2,012.04 (0W/1L)
2026-02-23 12:33:28,097 | INFO    | [SIM] TARGET HIT SHORT TATAELXSI @ 4706.38 (LTP=4706.0) | ID=PT-bf636e59-122327
2026-02-23 12:33:28,106 | INFO    | [SIM] RESULT SHORT TATAELXSI | TARGET | P&L: Rs.+2,849.08 (+1.15%) | Day total: Rs.+837.04 (1W/1L)
2026-02-23 12:46:19,787 | INFO    | Signal CSV changed — processing new signals...
2026-02-23 12:52:19,640 | INFO    | [SIM] TARGET HIT SHORT CIGNITITEC @ 1277.52 (LTP=1277.1) | ID=PT-3d3052b8-122327
2026-02-23 12:52:19,659 | INFO    | [SIM] RESULT SHORT CIGNITITEC | TARGET | P&L: Rs.+2,869.91 (+1.15%) | Day total: Rs.+3,706.95 (2W/1L)
2026-02-23 13:42:03,234 | INFO    | [SIM] TARGET HIT SHORT LATENTVIEW @ 350.03 (LTP=349.65) | ID=PT-c4724f93-122327
2026-02-23 13:42:03,237 | INFO    | [SIM] RESULT SHORT LATENTVIEW | TARGET | P&L: Rs.+2,869.35 (+1.15%) | Day total: Rs.+6,576.30 (3W/1L)
2026-02-23 13:46:30,794 | INFO    | Signal CSV changed — processing new signals...
2026-02-23 14:35:42,724 | INFO    | Signal CSV changed — processing new signals...
2026-02-23 14:35:42,740 | INFO    | [SIM] ENTRY SHORT MAZDOCK @ 2283.8 | SL=2302.08 TGT=2257.52 qty=109 | ID=PT-8a84f97d-143542
2026-02-23 14:35:42,740 | INFO    | [DISPATCH] Launched simulation for SHORT MAZDOCK @ 2284.94 | p_win=? | ID=8a84f97d922f
2026-02-23 14:35:42,749 | INFO    | Processed 1 new signal(s). Active sims: 1
2026-02-23 15:20:03,707 | INFO    | [SIM] FORCED CLOSE SHORT MAZDOCK @ 2278.4 (EOD forced close) | ID=PT-8a84f97d-143542
2026-02-23 15:20:03,718 | INFO    | [SIM] RESULT SHORT MAZDOCK | EOD_CLOSE | P&L: Rs.+588.60 (+0.24%) | Day total: Rs.+7,164.90 (4W/1L)
2026-02-23 15:30:00,622 | INFO    | Market closed. All simulations complete.
2026-02-23 15:30:00,641 | INFO    | =======================================================
2026-02-23 15:30:00,641 | INFO    | DAILY PAPER TRADE SUMMARY
2026-02-23 15:30:00,641 | INFO    |   Total trades : 5
2026-02-23 15:30:00,641 | INFO    |   Wins         : 4
2026-02-23 15:30:00,641 | INFO    |   Losses       : 1
2026-02-23 15:30:00,641 | INFO    |   Win rate     : 80.0%
2026-02-23 15:30:00,641 | INFO    |   Total P&L    : Rs.+7,164.90
2026-02-23 15:30:00,641 | INFO    | =======================================================
2026-02-23 15:30:00,641 | INFO    | Paper trade executor stopped.
2026-02-23 16:02:39,458 | INFO    | =================================================================
2026-02-23 16:02:39,459 | INFO    | AVWAP Paper Trade Executor — PAPER_TRADE = TRUE
2026-02-23 16:02:39,459 | INFO    |   Mode            : SIMULATION (no real orders)
2026-02-23 16:02:39,459 | INFO    |   LTP polling     : Enabled
2026-02-23 16:02:39,459 | INFO    |   Entry source    : signal_bar
2026-02-23 16:02:39,459 | INFO    |   Starting capital: Rs.1,000,000
2026-02-23 16:02:39,459 | INFO    |   Signal dir      : C:\Users\Saarit\OneDrive\Desktop\Trading\backtesting\eqidv2\backtesting\eqidv2\live_signals/
2026-02-23 16:02:39,459 | INFO    |   Forced close at : 15:20:00 IST
2026-02-23 16:02:39,459 | INFO    | =================================================================
2026-02-23 16:02:40,075 | INFO    | Kite session established (LTP polling enabled).
2026-02-23 16:02:40,076 | INFO    | Loaded 8 previously executed signals.
2026-02-23 16:02:40,078 | INFO    | Watchdog started — monitoring live_signals\signals_2026-02-23.csv
2026-02-23 16:02:40,078 | INFO    | Checking for existing unprocessed signals...
2026-02-23 16:02:40,082 | INFO    | Market closed. All simulations complete.
2026-02-23 16:02:40,084 | INFO    | =======================================================
2026-02-23 16:02:40,084 | INFO    | DAILY PAPER TRADE SUMMARY
2026-02-23 16:02:40,084 | INFO    |   Total trades : 0
2026-02-23 16:02:40,084 | INFO    |   Wins         : 0
2026-02-23 16:02:40,084 | INFO    |   Losses       : 0
2026-02-23 16:02:40,084 | INFO    |   Win rate     : 0.0%
2026-02-23 16:02:40,084 | INFO    |   Total P&L    : Rs.+0.00
2026-02-23 16:02:40,084 | INFO    | =======================================================
2026-02-23 16:02:40,084 | INFO    | Paper trade executor stopped.
2026-02-23 16:36:05,929 | INFO    | =================================================================
2026-02-23 16:36:05,929 | INFO    | AVWAP Paper Trade Executor — PAPER_TRADE = TRUE
2026-02-23 16:36:05,929 | INFO    |   Mode            : SIMULATION (no real orders)
2026-02-23 16:36:05,929 | INFO    |   LTP polling     : Enabled
2026-02-23 16:36:05,929 | INFO    |   Entry source    : ltp_on_signal
2026-02-23 16:36:05,929 | INFO    |   Starting capital: Rs.1,000,000
2026-02-23 16:36:05,929 | INFO    |   Signal dir      : C:\Users\Saarit\OneDrive\Desktop\Trading\backtesting\eqidv2\backtesting\eqidv2\live_signals/
2026-02-23 16:36:05,929 | INFO    |   Forced close at : 15:20:00 IST
2026-02-23 16:36:05,929 | INFO    | =================================================================
2026-02-23 16:36:06,788 | INFO    | Kite session established (LTP polling enabled).
2026-02-23 16:36:06,788 | INFO    | Loaded 8 previously executed signals.
2026-02-23 16:36:06,790 | INFO    | Watchdog started — monitoring live_signals\signals_2026-02-23.csv
2026-02-23 16:36:06,790 | INFO    | Checking for existing unprocessed signals...
2026-02-23 16:36:06,795 | INFO    | Market closed. All simulations complete.
2026-02-23 16:36:06,797 | INFO    | =======================================================
2026-02-23 16:36:06,797 | INFO    | DAILY PAPER TRADE SUMMARY
2026-02-23 16:36:06,797 | INFO    |   Total trades : 0
2026-02-23 16:36:06,797 | INFO    |   Wins         : 0
2026-02-23 16:36:06,797 | INFO    |   Losses       : 0
2026-02-23 16:36:06,797 | INFO    |   Win rate     : 0.0%
2026-02-23 16:36:06,797 | INFO    |   Total P&L    : Rs.+0.00
2026-02-23 16:36:06,797 | INFO    | =======================================================
2026-02-23 16:36:06,797 | INFO    | Paper trade executor stopped.
2026-02-23 16:38:29,628 | INFO    | =================================================================
2026-02-23 16:38:29,628 | INFO    | AVWAP Paper Trade Executor — PAPER_TRADE = TRUE
2026-02-23 16:38:29,628 | INFO    |   Mode            : SIMULATION (no real orders)
2026-02-23 16:38:29,628 | INFO    |   LTP polling     : Enabled
2026-02-23 16:38:29,628 | INFO    |   Entry source    : ltp_on_signal
2026-02-23 16:38:29,628 | INFO    |   Starting capital: Rs.1,000,000
2026-02-23 16:38:29,628 | INFO    |   Signal dir      : C:\Users\Saarit\OneDrive\Desktop\Trading\backtesting\eqidv2\backtesting\eqidv2\live_signals/
2026-02-23 16:38:29,628 | INFO    |   Forced close at : 15:20:00 IST
2026-02-23 16:38:29,628 | INFO    | =================================================================
2026-02-23 16:38:30,394 | INFO    | Kite session established (LTP polling enabled).
2026-02-23 16:38:30,404 | INFO    | Loaded 8 previously executed signals.
2026-02-23 16:38:30,406 | INFO    | Watchdog started — monitoring live_signals\signals_2026-02-23.csv
2026-02-23 16:38:30,407 | INFO    | Checking for existing unprocessed signals...
2026-02-23 16:38:30,412 | INFO    | Market closed. All simulations complete.
2026-02-23 16:38:30,413 | INFO    | =======================================================
2026-02-23 16:38:30,414 | INFO    | DAILY PAPER TRADE SUMMARY
2026-02-23 16:38:30,414 | INFO    |   Total trades : 0
2026-02-23 16:38:30,414 | INFO    |   Wins         : 0
2026-02-23 16:38:30,414 | INFO    |   Losses       : 0
2026-02-23 16:38:30,414 | INFO    |   Win rate     : 0.0%
2026-02-23 16:38:30,414 | INFO    |   Total P&L    : Rs.+0.00
2026-02-23 16:38:30,414 | INFO    | =======================================================
2026-02-23 16:38:30,414 | INFO    | Paper trade executor stopped.
